<?xml version="1.0" encoding="UTF-8"?>
<!-- Generated by org.testng.reporters.JUnitReportReporter -->
<testsuite hostname="PC201703211518" name="com.spring.demo.MainTest" tests="1" failures="0" timestamp="26 Apr 2017 00:48:14 GMT" time="0.347" errors="0">
  <testcase name="test" time="0.347" classname="com.spring.demo.MainTest"/>
</testsuite> <!-- com.spring.demo.MainTest -->
