<?xml version="1.0" encoding="UTF-8"?>
<!-- Generated by org.testng.reporters.JUnitReportReporter -->
<testsuite hostname="PC201703211518" name="com.spring.collection.MainTest" tests="1" failures="0" timestamp="26 Apr 2017 00:57:42 GMT" time="0.332" errors="0">
  <testcase name="test" time="0.332" classname="com.spring.collection.MainTest"/>
</testsuite> <!-- com.spring.collection.MainTest -->
