<?xml version="1.0" encoding="UTF-8"?>
<!-- Generated by org.testng.reporters.JUnitReportReporter -->
<testsuite hostname="ASUS-PC" name="com.spring.bean.config.MainTest" tests="1" failures="0" timestamp="14 May 2017 02:03:22 GMT" time="0.456" errors="0">
  <testcase name="testConfig" time="0.456" classname="com.spring.bean.config.MainTest"/>
</testsuite> <!-- com.spring.bean.config.MainTest -->
