<?xml version="1.0" encoding="UTF-8"?>
<!-- Generated by org.testng.reporters.JUnitReportReporter -->
<testsuite hostname="PC201703211518" name="com.spring.bean.config.MainTest" tests="1" failures="0" timestamp="26 Apr 2017 09:40:57 GMT" time="0.329" errors="0">
  <testcase name="testConfig" time="0.329" classname="com.spring.bean.config.MainTest"/>
</testsuite> <!-- com.spring.bean.config.MainTest -->
